<?xml version="1.0" encoding="UTF-8"?>
<testng-results skipped="0" failed="0" ignored="0" total="1" passed="1">
  <reporter-output>
  </reporter-output>
  <suite name="Default suite" duration-ms="55055" started-at="2020-10-09T01:28:43 PDT" finished-at="2020-10-09T01:29:38 PDT">
    <groups>
    </groups>
    <test name="Default test" duration-ms="55055" started-at="2020-10-09T01:28:43 PDT" finished-at="2020-10-09T01:29:38 PDT">
      <class name="practise.AppiumFramework.Ecommerce_tc_4">
        <test-method status="PASS" signature="killAllNodes()[pri:0, instance:practise.AppiumFramework.Ecommerce_tc_4@1b26f7b2]" name="killAllNodes" is-config="true" duration-ms="3041" started-at="2020-10-09T01:28:43 PDT" finished-at="2020-10-09T01:28:46 PDT">
          <reporter-output>
          </reporter-output>
        </test-method> <!-- killAllNodes -->
        <test-method status="PASS" signature="totalValidation()[pri:0, instance:practise.AppiumFramework.Ecommerce_tc_4@1b26f7b2]" name="totalValidation" duration-ms="51922" started-at="2020-10-09T01:28:46 PDT" finished-at="2020-10-09T01:29:38 PDT">
          <reporter-output>
          </reporter-output>
        </test-method> <!-- totalValidation -->
      </class> <!-- practise.AppiumFramework.Ecommerce_tc_4 -->
    </test> <!-- Default test -->
  </suite> <!-- Default suite -->
</testng-results>
